app/build/intermediates/manifest_merge_blame_file/debug/processDebugMainManifest/manifest-merger-blame-debug-report.txt
1<?xml version="1.0" encoding="utf-8"?>
2<manifest xmlns:android="http://schemas.android.com/apk/res/android"
3    package="com.openscansa.app"
4    android:versionCode="1"
5    android:versionName="1.0.0" >
6
7    <uses-sdk
8        android:minSdkVersion="26"
9        android:targetSdkVersion="36" />
10
11    <uses-permission android:name="android.permission.CAMERA" />
11-->src\main\AndroidManifest.xml:3:5-65
11-->src\main\AndroidManifest.xml:3:22-62
12
13    <permission
13-->[androidx.core:core:1.16.0] AndroidManifest.xml:22:5-24:47
14        android:name="com.openscansa.app.DYNAMIC_RECEIVER_NOT_EXPORTED_PERMISSION"
14-->[androidx.core:core:1.16.0] AndroidManifest.xml:23:9-81
15        android:protectionLevel="signature" />
15-->[androidx.core:core:1.16.0] AndroidManifest.xml:24:9-44
16
17    <uses-permission android:name="com.openscansa.app.DYNAMIC_RECEIVER_NOT_EXPORTED_PERMISSION" /> <!-- Although the *SdkVersion is captured in gradle build files, this is required for non gradle builds -->
17-->[androidx.core:core:1.16.0] AndroidManifest.xml:26:5-97
17-->[androidx.core:core:1.16.0] AndroidManifest.xml:26:22-94
18    <!-- <uses-sdk android:minSdkVersion="14"/> -->
19    <uses-permission android:name="android.permission.ACCESS_NETWORK_STATE" />
19-->[com.google.android.datatransport:transport-backend-cct:2.3.3] AndroidManifest.xml:25:5-79
19-->[com.google.android.datatransport:transport-backend-cct:2.3.3] AndroidManifest.xml:25:22-76
20    <uses-permission android:name="android.permission.INTERNET" />
20-->[com.google.android.datatransport:transport-backend-cct:2.3.3] AndroidManifest.xml:26:5-67
20-->[com.google.android.datatransport:transport-backend-cct:2.3.3] AndroidManifest.xml:26:22-64
21
22    <application
22-->src\main\AndroidManifest.xml:4:5-23:19
23        android:name="com.openscansa.app.OpenScanApplication"
23-->src\main\AndroidManifest.xml:5:9-44
24        android:allowBackup="true"
24-->src\main\AndroidManifest.xml:6:9-35
25        android:appComponentFactory="androidx.core.app.CoreComponentFactory"
25-->[androidx.core:core:1.16.0] AndroidManifest.xml:28:18-86
26        android:debuggable="true"
27        android:extractNativeLibs="false"
28        android:label="@string/app_name"
28-->src\main\AndroidManifest.xml:7:9-41
29        android:supportsRtl="true"
29-->src\main\AndroidManifest.xml:8:9-35
30        android:theme="@style/Theme.OpenScanSA.Splash" >
30-->src\main\AndroidManifest.xml:9:9-55
31        <activity
31-->src\main\AndroidManifest.xml:10:9-22:20
32            android:name="com.openscansa.app.MainActivity"
32-->src\main\AndroidManifest.xml:10:19-47
33            android:exported="true"
33-->src\main\AndroidManifest.xml:10:48-71
34            android:launchMode="singleTop" >
34-->src\main\AndroidManifest.xml:10:72-102
35            <intent-filter>
35-->src\main\AndroidManifest.xml:11:13-14:29
36                <action android:name="android.intent.action.MAIN" />
36-->src\main\AndroidManifest.xml:12:17-69
36-->src\main\AndroidManifest.xml:12:25-66
37
38                <category android:name="android.intent.category.LAUNCHER" />
38-->src\main\AndroidManifest.xml:13:17-77
38-->src\main\AndroidManifest.xml:13:27-74
39            </intent-filter>
40            <intent-filter>
40-->src\main\AndroidManifest.xml:15:13-21:29
41                <action android:name="android.intent.action.VIEW" />
41-->src\main\AndroidManifest.xml:16:17-69
41-->src\main\AndroidManifest.xml:16:25-66
42
43                <category android:name="android.intent.category.DEFAULT" />
43-->src\main\AndroidManifest.xml:17:17-76
43-->src\main\AndroidManifest.xml:17:27-73
44                <category android:name="android.intent.category.BROWSABLE" />
44-->src\main\AndroidManifest.xml:18:17-78
44-->src\main\AndroidManifest.xml:18:27-75
45
46                <data
46-->src\main\AndroidManifest.xml:19:17-83
47                    android:host="reset-password"
47-->src\main\AndroidManifest.xml:19:51-80
48                    android:scheme="openscansa" />
48-->src\main\AndroidManifest.xml:19:23-50
49                <data
49-->src\main\AndroidManifest.xml:19:17-83
50                    android:host="dashboard"
50-->src\main\AndroidManifest.xml:19:51-80
51                    android:scheme="openscansa" />
51-->src\main\AndroidManifest.xml:19:23-50
52            </intent-filter>
53        </activity>
54
55        <service
55-->[androidx.camera:camera-camera2:1.4.2] AndroidManifest.xml:24:9-33:19
56            android:name="androidx.camera.core.impl.MetadataHolderService"
56-->[androidx.camera:camera-camera2:1.4.2] AndroidManifest.xml:25:13-75
57            android:enabled="false"
57-->[androidx.camera:camera-camera2:1.4.2] AndroidManifest.xml:26:13-36
58            android:exported="false" >
58-->[androidx.camera:camera-camera2:1.4.2] AndroidManifest.xml:27:13-37
59            <meta-data
59-->[androidx.camera:camera-camera2:1.4.2] AndroidManifest.xml:30:13-32:89
60                android:name="androidx.camera.core.impl.MetadataHolderService.DEFAULT_CONFIG_PROVIDER"
60-->[androidx.camera:camera-camera2:1.4.2] AndroidManifest.xml:31:17-103
61                android:value="androidx.camera.camera2.Camera2Config$DefaultProvider" />
61-->[androidx.camera:camera-camera2:1.4.2] AndroidManifest.xml:32:17-86
62        </service>
63        <service
63-->[com.google.android.gms:play-services-mlkit-barcode-scanning:18.3.1] AndroidManifest.xml:9:9-15:19
64            android:name="com.google.mlkit.common.internal.MlKitComponentDiscoveryService"
64-->[com.google.android.gms:play-services-mlkit-barcode-scanning:18.3.1] AndroidManifest.xml:10:13-91
65            android:directBootAware="true"
65-->[com.google.mlkit:common:18.11.0] AndroidManifest.xml:17:13-43
66            android:exported="false" >
66-->[com.google.android.gms:play-services-mlkit-barcode-scanning:18.3.1] AndroidManifest.xml:11:13-37
67            <meta-data
67-->[com.google.android.gms:play-services-mlkit-barcode-scanning:18.3.1] AndroidManifest.xml:12:13-14:85
68                android:name="com.google.firebase.components:com.google.mlkit.vision.barcode.internal.BarcodeRegistrar"
68-->[com.google.android.gms:play-services-mlkit-barcode-scanning:18.3.1] AndroidManifest.xml:13:17-120
69                android:value="com.google.firebase.components.ComponentRegistrar" />
69-->[com.google.android.gms:play-services-mlkit-barcode-scanning:18.3.1] AndroidManifest.xml:14:17-82
70            <meta-data
70-->[com.google.mlkit:vision-common:17.3.0] AndroidManifest.xml:12:13-14:85
71                android:name="com.google.firebase.components:com.google.mlkit.vision.common.internal.VisionCommonRegistrar"
71-->[com.google.mlkit:vision-common:17.3.0] AndroidManifest.xml:13:17-124
72                android:value="com.google.firebase.components.ComponentRegistrar" />
72-->[com.google.mlkit:vision-common:17.3.0] AndroidManifest.xml:14:17-82
73            <meta-data
73-->[com.google.mlkit:common:18.11.0] AndroidManifest.xml:20:13-22:85
74                android:name="com.google.firebase.components:com.google.mlkit.common.internal.CommonComponentRegistrar"
74-->[com.google.mlkit:common:18.11.0] AndroidManifest.xml:21:17-120
75                android:value="com.google.firebase.components.ComponentRegistrar" />
75-->[com.google.mlkit:common:18.11.0] AndroidManifest.xml:22:17-82
76        </service>
77
78        <provider
78-->[com.google.mlkit:common:18.11.0] AndroidManifest.xml:9:9-13:38
79            android:name="com.google.mlkit.common.internal.MlKitInitProvider"
79-->[com.google.mlkit:common:18.11.0] AndroidManifest.xml:10:13-78
80            android:authorities="com.openscansa.app.mlkitinitprovider"
80-->[com.google.mlkit:common:18.11.0] AndroidManifest.xml:11:13-69
81            android:exported="false"
81-->[com.google.mlkit:common:18.11.0] AndroidManifest.xml:12:13-37
82            android:initOrder="99" />
82-->[com.google.mlkit:common:18.11.0] AndroidManifest.xml:13:13-35
83
84        <activity
84-->[com.google.android.gms:play-services-base:18.5.0] AndroidManifest.xml:5:9-173
85            android:name="com.google.android.gms.common.api.GoogleApiActivity"
85-->[com.google.android.gms:play-services-base:18.5.0] AndroidManifest.xml:5:19-85
86            android:exported="false"
86-->[com.google.android.gms:play-services-base:18.5.0] AndroidManifest.xml:5:146-170
87            android:theme="@android:style/Theme.Translucent.NoTitleBar" />
87-->[com.google.android.gms:play-services-base:18.5.0] AndroidManifest.xml:5:86-145
88
89        <meta-data
89-->[com.google.android.gms:play-services-basement:18.4.0] AndroidManifest.xml:6:9-122
90            android:name="com.google.android.gms.version"
90-->[com.google.android.gms:play-services-basement:18.4.0] AndroidManifest.xml:6:20-65
91            android:value="@integer/google_play_services_version" />
91-->[com.google.android.gms:play-services-basement:18.4.0] AndroidManifest.xml:6:66-119
92
93        <provider
93-->[androidx.emoji2:emoji2:1.3.0] AndroidManifest.xml:24:9-32:20
94            android:name="androidx.startup.InitializationProvider"
94-->[androidx.emoji2:emoji2:1.3.0] AndroidManifest.xml:25:13-67
95            android:authorities="com.openscansa.app.androidx-startup"
95-->[androidx.emoji2:emoji2:1.3.0] AndroidManifest.xml:26:13-68
96            android:exported="false" >
96-->[androidx.emoji2:emoji2:1.3.0] AndroidManifest.xml:27:13-37
97            <meta-data
97-->[androidx.emoji2:emoji2:1.3.0] AndroidManifest.xml:29:13-31:52
98                android:name="androidx.emoji2.text.EmojiCompatInitializer"
98-->[androidx.emoji2:emoji2:1.3.0] AndroidManifest.xml:30:17-75
99                android:value="androidx.startup" />
99-->[androidx.emoji2:emoji2:1.3.0] AndroidManifest.xml:31:17-49
100            <meta-data
100-->[io.github.jan-tennert.supabase:storage-kt-android-debug:2.6.1] AndroidManifest.xml:14:13-16:52
101                android:name="io.github.jan.supabase.storage.SupabaseInitializer"
101-->[io.github.jan-tennert.supabase:storage-kt-android-debug:2.6.1] AndroidManifest.xml:15:17-82
102                android:value="androidx.startup" />
102-->[io.github.jan-tennert.supabase:storage-kt-android-debug:2.6.1] AndroidManifest.xml:16:17-49
103            <meta-data
103-->[io.github.jan-tennert.supabase:gotrue-kt-android-debug:2.6.1] AndroidManifest.xml:14:13-16:52
104                android:name="io.github.jan.supabase.gotrue.SupabaseInitializer"
104-->[io.github.jan-tennert.supabase:gotrue-kt-android-debug:2.6.1] AndroidManifest.xml:15:17-81
105                android:value="androidx.startup" />
105-->[io.github.jan-tennert.supabase:gotrue-kt-android-debug:2.6.1] AndroidManifest.xml:16:17-49
106            <meta-data
106-->[androidx.lifecycle:lifecycle-process:2.11.0] AndroidManifest.xml:29:13-31:52
107                android:name="androidx.lifecycle.ProcessLifecycleInitializer"
107-->[androidx.lifecycle:lifecycle-process:2.11.0] AndroidManifest.xml:30:17-78
108                android:value="androidx.startup" />
108-->[androidx.lifecycle:lifecycle-process:2.11.0] AndroidManifest.xml:31:17-49
109            <meta-data
109-->[androidx.profileinstaller:profileinstaller:1.4.0] AndroidManifest.xml:29:13-31:52
110                android:name="androidx.profileinstaller.ProfileInstallerInitializer"
110-->[androidx.profileinstaller:profileinstaller:1.4.0] AndroidManifest.xml:30:17-85
111                android:value="androidx.startup" />
111-->[androidx.profileinstaller:profileinstaller:1.4.0] AndroidManifest.xml:31:17-49
112            <meta-data
112-->[com.russhwolf:multiplatform-settings-no-arg-android-debug:1.1.1] AndroidManifest.xml:29:13-31:52
113                android:name="com.russhwolf.settings.SettingsInitializer"
113-->[com.russhwolf:multiplatform-settings-no-arg-android-debug:1.1.1] AndroidManifest.xml:30:17-74
114                android:value="androidx.startup" />
114-->[com.russhwolf:multiplatform-settings-no-arg-android-debug:1.1.1] AndroidManifest.xml:31:17-49
115        </provider>
116
117        <uses-library
117-->[androidx.window:window:1.0.0] AndroidManifest.xml:25:9-27:40
118            android:name="androidx.window.extensions"
118-->[androidx.window:window:1.0.0] AndroidManifest.xml:26:13-54
119            android:required="false" />
119-->[androidx.window:window:1.0.0] AndroidManifest.xml:27:13-37
120        <uses-library
120-->[androidx.window:window:1.0.0] AndroidManifest.xml:28:9-30:40
121            android:name="androidx.window.sidecar"
121-->[androidx.window:window:1.0.0] AndroidManifest.xml:29:13-51
122            android:required="false" />
122-->[androidx.window:window:1.0.0] AndroidManifest.xml:30:13-37
123
124        <receiver
124-->[androidx.profileinstaller:profileinstaller:1.4.0] AndroidManifest.xml:34:9-52:20
125            android:name="androidx.profileinstaller.ProfileInstallReceiver"
125-->[androidx.profileinstaller:profileinstaller:1.4.0] AndroidManifest.xml:35:13-76
126            android:directBootAware="false"
126-->[androidx.profileinstaller:profileinstaller:1.4.0] AndroidManifest.xml:36:13-44
127            android:enabled="true"
127-->[androidx.profileinstaller:profileinstaller:1.4.0] AndroidManifest.xml:37:13-35
128            android:exported="true"
128-->[androidx.profileinstaller:profileinstaller:1.4.0] AndroidManifest.xml:38:13-36
129            android:permission="android.permission.DUMP" >
129-->[androidx.profileinstaller:profileinstaller:1.4.0] AndroidManifest.xml:39:13-57
130            <intent-filter>
130-->[androidx.profileinstaller:profileinstaller:1.4.0] AndroidManifest.xml:40:13-42:29
131                <action android:name="androidx.profileinstaller.action.INSTALL_PROFILE" />
131-->[androidx.profileinstaller:profileinstaller:1.4.0] AndroidManifest.xml:41:17-91
131-->[androidx.profileinstaller:profileinstaller:1.4.0] AndroidManifest.xml:41:25-88
132            </intent-filter>
133            <intent-filter>
133-->[androidx.profileinstaller:profileinstaller:1.4.0] AndroidManifest.xml:43:13-45:29
134                <action android:name="androidx.profileinstaller.action.SKIP_FILE" />
134-->[androidx.profileinstaller:profileinstaller:1.4.0] AndroidManifest.xml:44:17-85
134-->[androidx.profileinstaller:profileinstaller:1.4.0] AndroidManifest.xml:44:25-82
135            </intent-filter>
136            <intent-filter>
136-->[androidx.profileinstaller:profileinstaller:1.4.0] AndroidManifest.xml:46:13-48:29
137                <action android:name="androidx.profileinstaller.action.SAVE_PROFILE" />
137-->[androidx.profileinstaller:profileinstaller:1.4.0] AndroidManifest.xml:47:17-88
137-->[androidx.profileinstaller:profileinstaller:1.4.0] AndroidManifest.xml:47:25-85
138            </intent-filter>
139            <intent-filter>
139-->[androidx.profileinstaller:profileinstaller:1.4.0] AndroidManifest.xml:49:13-51:29
140                <action android:name="androidx.profileinstaller.action.BENCHMARK_OPERATION" />
140-->[androidx.profileinstaller:profileinstaller:1.4.0] AndroidManifest.xml:50:17-95
140-->[androidx.profileinstaller:profileinstaller:1.4.0] AndroidManifest.xml:50:25-92
141            </intent-filter>
142        </receiver>
143
144        <service
144-->[com.google.android.datatransport:transport-backend-cct:2.3.3] AndroidManifest.xml:29:9-35:19
145            android:name="com.google.android.datatransport.runtime.backends.TransportBackendDiscovery"
145-->[com.google.android.datatransport:transport-backend-cct:2.3.3] AndroidManifest.xml:30:13-103
146            android:exported="false" >
146-->[com.google.android.datatransport:transport-backend-cct:2.3.3] AndroidManifest.xml:31:13-37
147            <meta-data
147-->[com.google.android.datatransport:transport-backend-cct:2.3.3] AndroidManifest.xml:32:13-34:39
148                android:name="backend:com.google.android.datatransport.cct.CctBackendFactory"
148-->[com.google.android.datatransport:transport-backend-cct:2.3.3] AndroidManifest.xml:33:17-94
149                android:value="cct" />
149-->[com.google.android.datatransport:transport-backend-cct:2.3.3] AndroidManifest.xml:34:17-36
150        </service>
151        <service
151-->[com.google.android.datatransport:transport-runtime:2.2.6] AndroidManifest.xml:26:9-30:19
152            android:name="com.google.android.datatransport.runtime.scheduling.jobscheduling.JobInfoSchedulerService"
152-->[com.google.android.datatransport:transport-runtime:2.2.6] AndroidManifest.xml:27:13-117
153            android:exported="false"
153-->[com.google.android.datatransport:transport-runtime:2.2.6] AndroidManifest.xml:28:13-37
154            android:permission="android.permission.BIND_JOB_SERVICE" >
154-->[com.google.android.datatransport:transport-runtime:2.2.6] AndroidManifest.xml:29:13-69
155        </service>
156
157        <receiver
157-->[com.google.android.datatransport:transport-runtime:2.2.6] AndroidManifest.xml:32:9-34:40
158            android:name="com.google.android.datatransport.runtime.scheduling.jobscheduling.AlarmManagerSchedulerBroadcastReceiver"
158-->[com.google.android.datatransport:transport-runtime:2.2.6] AndroidManifest.xml:33:13-132
159            android:exported="false" />
159-->[com.google.android.datatransport:transport-runtime:2.2.6] AndroidManifest.xml:34:13-37
160    </application>
161
162</manifest>